<?xml version="1.0" encoding="UTF-8"?>
<!-- Generated by org.testng.reporters.JUnitReportReporter -->
<testsuite name="com.nono.live.BotChat" tests="1" time="86.279" ignored="0" failures="0" timestamp="06 五月 2017 10:15:50 GMT" skipped="0" hostname="LAPTOP-OSA1RE24" errors="0">
  <testcase name="testChat" time="86.279" classname="com.nono.live.BotChat"/>
</testsuite> <!-- com.nono.live.BotChat -->
