<?xml version="1.0" encoding="UTF-8"?>
<!-- Generated by org.testng.reporters.JUnitReportReporter -->
<testsuite name="com.nono.live.UiTest" tests="2" time="144.389" ignored="5" failures="0" timestamp="18 三月 2017 10:31:55 GMT" skipped="0" hostname="LAPTOP-OSA1RE24" errors="0">
  <testcase name="phoneInfomation" time="20.024" classname="com.nono.live.UiTest"/>
  <testcase name="homepageHot" time="124.365" classname="com.nono.live.UiTest"/>
  <testcase name="goLive" classname="com.nono.live.UiTest">
    <skipped/>
  </testcase> <!-- goLive -->
  <testcase name="homepageFollow" classname="com.nono.live.UiTest">
    <skipped/>
  </testcase> <!-- homepageFollow -->
  <testcase name="me" classname="com.nono.live.UiTest">
    <skipped/>
  </testcase> <!-- me -->
  <testcase name="homepageExplore" classname="com.nono.live.UiTest">
    <skipped/>
  </testcase> <!-- homepageExplore -->
  <testcase name="phoneNumberLogin" classname="com.nono.live.UiTest">
    <skipped/>
  </testcase> <!-- phoneNumberLogin -->
</testsuite> <!-- com.nono.live.UiTest -->
