<?xml version="1.0" encoding="UTF-8"?>
<!-- Generated by org.testng.reporters.JUnitReportReporter -->
<testsuite name="com.nono.live.poco" tests="1" time="46.288" ignored="0" failures="0" timestamp="13 七月 2017 08:54:17 GMT" skipped="0" hostname="wangdeMacBook-Pro.local" errors="0">
  <testcase name="testPoco" time="46.288" classname="com.nono.live.poco"/>
</testsuite> <!-- com.nono.live.poco -->
