<?xml version="1.0" encoding="UTF-8"?>
<!-- Generated by org.testng.reporters.JUnitReportReporter -->
<testsuite name="com.nono.live.UiTest" tests="6" time="34.314" ignored="1" failures="0" timestamp="07 六月 2017 03:24:38 GMT" skipped="0" hostname="wangdeMacBook-Pro.local" errors="0">
  <testcase name="homepageExplore" time="0.154" classname="com.nono.live.UiTest"/>
  <testcase name="goLive" time="0.295" classname="com.nono.live.UiTest"/>
  <testcase name="me" time="0.195" classname="com.nono.live.UiTest"/>
  <testcase name="phoneInfomation" time="0.018" classname="com.nono.live.UiTest"/>
  <testcase name="homepageFollow" time="0.146" classname="com.nono.live.UiTest"/>
  <testcase name="homepageHot" time="33.506" classname="com.nono.live.UiTest"/>
  <testcase name="phoneNumberLogin" classname="com.nono.live.UiTest">
    <skipped/>
  </testcase> <!-- phoneNumberLogin -->
</testsuite> <!-- com.nono.live.UiTest -->
