<?xml version="1.0" encoding="UTF-8"?>
<!-- Generated by org.testng.reporters.JUnitReportReporter -->
<testsuite hostname="LAPTOP-OSA1RE24" name="com.nono.live.AnotherThread" tests="1" failures="0" timestamp="2 Dec 2016 04:16:45 GMT" time="0.004" errors="0">
  <testcase name="test" time="0.004" classname="com.nono.live.AnotherThread"/>
</testsuite> <!-- com.nono.live.AnotherThread -->
