<?xml version="1.0" encoding="UTF-8"?>
<!-- Generated by org.testng.reporters.JUnitReportReporter -->
<testsuite name="com.nono.live.PerformanceTest" tests="1" time="1731.130" ignored="1" failures="0" timestamp="22 五月 2017 03:49:39 GMT" skipped="0" hostname="LAPTOP-OSA1RE24" errors="0">
  <testcase name="testTimes" time="1731.130" classname="com.nono.live.PerformanceTest"/>
  <testcase name="testViewPerformance" classname="com.nono.live.PerformanceTest">
    <skipped/>
  </testcase> <!-- testViewPerformance -->
</testsuite> <!-- com.nono.live.PerformanceTest -->
