<?xml version="1.0" encoding="UTF-8"?>
<!-- Generated by org.testng.reporters.JUnitReportReporter -->
<testsuite name="com.nono.live.PerformanceTest" tests="1" time="1323.969" ignored="1" failures="0" timestamp="15 六月 2017 08:14:02 GMT" skipped="0" hostname="wangdeMacBook-Pro.local" errors="0">
  <testcase name="testTimes" time="1323.969" classname="com.nono.live.PerformanceTest"/>
  <testcase name="testViewPerformance" classname="com.nono.live.PerformanceTest">
    <skipped/>
  </testcase> <!-- testViewPerformance -->
</testsuite> <!-- com.nono.live.PerformanceTest -->
