<?xml version="1.0" encoding="UTF-8"?>
<!-- Generated by org.testng.reporters.JUnitReportReporter -->
<testsuite name="com.nono.live.Tinder" tests="1" time="15.701" ignored="2" failures="0" timestamp="17 五月 2017 06:29:29 GMT" skipped="0" hostname="LAPTOP-OSA1RE24" errors="0">
  <testcase name="testchat" time="15.701" classname="com.nono.live.Tinder"/>
  <testcase name="testExplore" classname="com.nono.live.Tinder">
    <skipped/>
  </testcase> <!-- testExplore -->
  <testcase name="testlike" classname="com.nono.live.Tinder">
    <skipped/>
  </testcase> <!-- testlike -->
</testsuite> <!-- com.nono.live.Tinder -->
