<?xml version="1.0" encoding="UTF-8"?>
<!-- Generated by org.testng.reporters.JUnitReportReporter -->
<testsuite name="com.nono.live.UiTest" tests="6" time="92.283" ignored="1" failures="0" timestamp="22 五月 2017 03:51:45 GMT" skipped="0" hostname="LAPTOP-OSA1RE24" errors="0">
  <testcase name="me" time="0.254" classname="com.nono.live.UiTest"/>
  <testcase name="homepageHot" time="41.860" classname="com.nono.live.UiTest"/>
  <testcase name="homepageExplore" time="7.817" classname="com.nono.live.UiTest"/>
  <testcase name="homepageFollow" time="20.396" classname="com.nono.live.UiTest"/>
  <testcase name="goLive" time="1.936" classname="com.nono.live.UiTest"/>
  <testcase name="phoneInfomation" time="20.020" classname="com.nono.live.UiTest"/>
  <testcase name="phoneNumberLogin" classname="com.nono.live.UiTest">
    <skipped/>
  </testcase> <!-- phoneNumberLogin -->
</testsuite> <!-- com.nono.live.UiTest -->
